2025-11-09 12:19:40,080 [Worker-8: Loading available Gradle versions] INFO  o.e.b.c.i.u.g.PublishedGradleVersions - Gradle version information cache is not available. Remote download required.
2025-11-10 01:34:50,935 [Worker-7: Loading available Gradle versions] INFO  o.e.b.c.i.u.g.PublishedGradleVersions - Gradle version information cache is up-to-date. Trying to read.
2025-11-10 01:37:10,114 [ForkJoinPool.commonPool-worker-9] ERROR org.eclipse.jgit.util.FS - C:\Users\admin\git\sammariumm\Arithmetica\.git\.probe-42978b28-ceb9-4ed4-89a6-ac738a507e10 (Access is denied)
java.io.FileNotFoundException: C:\Users\admin\git\sammariumm\Arithmetica\.git\.probe-42978b28-ceb9-4ed4-89a6-ac738a507e10 (Access is denied)
	at java.base/java.io.FileInputStream.open0(Native Method)
	at java.base/java.io.FileInputStream.open(FileInputStream.java:213)
	at java.base/java.io.FileInputStream.<init>(FileInputStream.java:152)
	at org.eclipse.jgit.util.io.SilentFileInputStream.<init>(SilentFileInputStream.java:31)
	at org.eclipse.jgit.util.IO.readFully(IO.java:89)
	at org.eclipse.jgit.util.IO.readFully(IO.java:48)
	at org.eclipse.jgit.util.FS$FileStoreAttributes.read(FS.java:547)
	at org.eclipse.jgit.util.FS$FileStoreAttributes.measureMinimalRacyInterval(FS.java:498)
	at org.eclipse.jgit.util.FS$FileStoreAttributes.lambda$2(FS.java:425)
	at java.base/java.util.concurrent.CompletableFuture$AsyncSupply.run(CompletableFuture.java:1768)
	at java.base/java.util.concurrent.CompletableFuture$AsyncSupply.exec(CompletableFuture.java:1760)
	at java.base/java.util.concurrent.ForkJoinTask.doExec(ForkJoinTask.java:387)
	at java.base/java.util.concurrent.ForkJoinPool$WorkQueue.topLevelExec(ForkJoinPool.java:1312)
	at java.base/java.util.concurrent.ForkJoinPool.scan(ForkJoinPool.java:1843)
	at java.base/java.util.concurrent.ForkJoinPool.runWorker(ForkJoinPool.java:1808)
	at java.base/java.util.concurrent.ForkJoinWorkerThread.run(ForkJoinWorkerThread.java:188)
2025-11-10 01:46:40,301 [Worker-6: Loading available Gradle versions] INFO  o.e.b.c.i.u.g.PublishedGradleVersions - Gradle version information cache is up-to-date. Trying to read.
